Build started 8/31/2015 7:55:51 AM.
     1>Project "c:\Users\yifan\documents\visual studio 2015\Projects\test2\test2\test2.vcxproj" on node 2 (Build target(s)).
     1>Link:
         C:\Program Files (x86)\Microsoft Visual Studio 14.0\VC\bin\link.exe /ERRORREPORT:PROMPT /OUT:"c:\users\yifan\documents\visual studio 2015\Projects\test2\Debug\test2.exe" /INCREMENTAL /NOLOGO kernel32.lib user32.lib gdi32.lib winspool.lib comdlg32.lib advapi32.lib shell32.lib ole32.lib oleaut32.lib uuid.lib odbc32.lib odbccp32.lib /MANIFEST /MANIFESTUAC:"level='asInvoker' uiAccess='false'" /manifest:embed /Debug /PDB:"c:\users\yifan\documents\visual studio 2015\Projects\test2\Debug\test2.pdb" /SUBSYSTEM:CONSOLE /TLBID:1 /DYNAMICBASE /NXCOMPAT /IMPLIB:"c:\users\yifan\documents\visual studio 2015\Projects\test2\Debug\test2.lib" /MACHINE:X86 Debug\demo.obj
         Debug\foo.obj
     1>demo.obj : error LNK2019: unresolved external symbol "public: __thiscall Point::Point(void)" (??0Point@@QAE@XZ) referenced in function _main
     1>demo.obj : error LNK2019: unresolved external symbol "class std::basic_ostream<char,struct std::char_traits<char> > & __cdecl operator<<(class std::basic_ostream<char,struct std::char_traits<char> > &,class Point const &)" (??6@YAAAV?$basic_ostream@DU?$char_traits@D@std@@@std@@AAV01@ABVPoint@@@Z) referenced in function _main
     1>c:\users\yifan\documents\visual studio 2015\Projects\test2\Debug\test2.exe : fatal error LNK1120: 2 unresolved externals
     1>Done Building Project "c:\Users\yifan\documents\visual studio 2015\Projects\test2\test2\test2.vcxproj" (Build target(s)) -- FAILED.

Build FAILED.

Time Elapsed 00:00:00.23
